<?xml version="1.0" encoding="UTF-8"?>
<!-- Generated by org.testng.reporters.JUnitXMLReporter -->
<testsuite ignored="0" hostname="FFE-Pradeep-Kumar-P" failures="0" tests="4" name="DeviceFarm_AT_Tablet" time="151.353" errors="0" timestamp="2026-05-22T13:08:28 IST">
  <testcase classname="AT_Scripts._06_Tablet_Android_App" name="androidTabletAppGeneralStore" time="35.427"/>
  <testcase classname="AT_Scripts._07_Tablet_Android_Browser" name="androidTabletBrowserPantaloonsSite" time="41.536"/>
  <testcase classname="AT_Scripts._08_iPad_iOS_App" name="iOSiPadAppSauceLabs" time="52.307"/>
  <testcase classname="AT_Scripts._09_iPad_iOS_Browser" name="iOSiPadBrowserWikipedia" time="22.026"/>
</testsuite> <!-- DeviceFarm_AT_Tablet -->
