<?xml version="1.0" encoding="UTF-8"?>
<!-- Generated by org.testng.reporters.JUnitXMLReporter -->
<testsuite ignored="0" hostname="FFE-Pradeep-Kumar-P" failures="1" tests="1" name="DeviceFarm_AT_TV" time="4.388" errors="0" timestamp="2026-05-22T13:06:02 IST">
  <testcase classname="AT_Scripts._10_TV_AndroidTv" name="TVAndroidTVAppAPIDemoApp" time="4.32">
    <failure type="java.lang.RuntimeException" message="org.openqa.selenium.SessionNotCreatedException: Could not start a new session. Response code 500. Message: Could not start a new session. Could not start a new session. Error while creating session with the service http://localhost:4734/wd/hub. Could not start a new session. Response code 500. Message: Error executing adbExec. Original error: &amp;apos;Command &amp;apos;/Users/fireflinkcloud/Library/Android/sdk/platform-tools/adb -P 5037 -s emulator-5560 shell pm clear io.appium.android.apis&amp;apos; exited with code 1&amp;apos;; Command output: Failed
 
Host info: host: &amp;apos;Fireflinks-MacBook-Pro-2.local&amp;apos;, ip: &amp;apos;fe80:0:0:0:18e6:3fe2:5f53:5a47%en0&amp;apos;
Build info: version: &amp;apos;4.21.0&amp;apos;, revision: &amp;apos;79ed462ef4&amp;apos;
System info: os.name: &amp;apos;Mac OS X&amp;apos;, os.arch: &amp;apos;aarch64&amp;apos;, os.version: &amp;apos;13.7.6&amp;apos;, java.version: &amp;apos;17.0.15&amp;apos;
Driver info: driver.version: unknown
Build info: version: &amp;apos;4.21.0&amp;apos;, revision: &amp;apos;79ed462ef4&amp;apos;
System info: os.name: &amp;apos;Mac OS X&amp;apos;, os.arch: &amp;apos;aarch64&amp;apos;, os.version: &amp;apos;13.7.6&amp;apos;, java.version: &amp;apos;17.0.15&amp;apos;
Driver info: driver.version: unknown
Build info: version: &amp;apos;4.21.0&amp;apos;, revision: &amp;apos;Unknown&amp;apos;
System info: os.name: &amp;apos;Linux&amp;apos;, os.arch: &amp;apos;amd64&amp;apos;, os.version: &amp;apos;5.15.0-126-generic&amp;apos;, java.version: &amp;apos;17.0.18&amp;apos;
Driver info: driver.version: unknown
Build info: version: &amp;apos;4.13.0&amp;apos;, revision: &amp;apos;ba948ece5b*&amp;apos;
System info: os.name: &amp;apos;Windows 11&amp;apos;, os.arch: &amp;apos;amd64&amp;apos;, os.version: &amp;apos;10.0&amp;apos;, java.version: &amp;apos;17.0.16&amp;apos;
Driver info: io.appium.java_client.android.AndroidDriver
Command: [null, newSession {capabilities=[{appium:app=ApiDemos-debug.apk, appium:deviceName=Google TV, appium:deviceType=public, appium:isVirtual=true, appium:platformVersion=16, platformName=ANDROID}], desiredCapabilities=Capabilities {appium:app: ApiDemos-debug.apk, appium:deviceName: Google TV, appium:deviceType: public, appium:isVirtual: true, appium:platformVersion: 16, platformName: ANDROID}}]
Capabilities {appium:app: ApiDemos-debug.apk, appium:deviceName: Google TV, appium:deviceType: public, appium:isVirtual: true, appium:platformVersion: 16, platformName: ANDROID}">
      <![CDATA[java.lang.RuntimeException: org.openqa.selenium.SessionNotCreatedException: Could not start a new session. Response code 500. Message: Could not start a new session. Could not start a new session. Error while creating session with the service http://localhost:4734/wd/hub. Could not start a new session. Response code 500. Message: Error executing adbExec. Original error: 'Command '/Users/fireflinkcloud/Library/Android/sdk/platform-tools/adb -P 5037 -s emulator-5560 shell pm clear io.appium.android.apis' exited with code 1'; Command output: Failed
 
Host info: host: 'Fireflinks-MacBook-Pro-2.local', ip: 'fe80:0:0:0:18e6:3fe2:5f53:5a47%en0'
Build info: version: '4.21.0', revision: '79ed462ef4'
System info: os.name: 'Mac OS X', os.arch: 'aarch64', os.version: '13.7.6', java.version: '17.0.15'
Driver info: driver.version: unknown
Build info: version: '4.21.0', revision: '79ed462ef4'
System info: os.name: 'Mac OS X', os.arch: 'aarch64', os.version: '13.7.6', java.version: '17.0.15'
Driver info: driver.version: unknown
Build info: version: '4.21.0', revision: 'Unknown'
System info: os.name: 'Linux', os.arch: 'amd64', os.version: '5.15.0-126-generic', java.version: '17.0.18'
Driver info: driver.version: unknown
Build info: version: '4.13.0', revision: 'ba948ece5b*'
System info: os.name: 'Windows 11', os.arch: 'amd64', os.version: '10.0', java.version: '17.0.16'
Driver info: io.appium.java_client.android.AndroidDriver
Command: [null, newSession {capabilities=[{appium:app=ApiDemos-debug.apk, appium:deviceName=Google TV, appium:deviceType=public, appium:isVirtual=true, appium:platformVersion=16, platformName=ANDROID}], desiredCapabilities=Capabilities {appium:app: ApiDemos-debug.apk, appium:deviceName: Google TV, appium:deviceType: public, appium:isVirtual: true, appium:platformVersion: 16, platformName: ANDROID}}]
Capabilities {appium:app: ApiDemos-debug.apk, appium:deviceName: Google TV, appium:deviceType: public, appium:isVirtual: true, appium:platformVersion: 16, platformName: ANDROID}
at AT_Scripts._10_TV_AndroidTv.TVAndroidTVAppAPIDemoApp(_10_TV_AndroidTv.java:120)
at java.base/java.util.ArrayList.forEach(ArrayList.java:1511)
at java.base/java.util.concurrent.FutureTask.run(FutureTask.java:264)
at java.base/java.util.concurrent.ThreadPoolExecutor.runWorker(ThreadPoolExecutor.java:1136)
at java.base/java.util.concurrent.ThreadPoolExecutor$Worker.run(ThreadPoolExecutor.java:635)
at java.base/java.lang.Thread.run(Thread.java:840)
Caused by: org.openqa.selenium.SessionNotCreatedException: Could not start a new session. Response code 500. Message: Could not start a new session. Could not start a new session. Error while creating session with the service http://localhost:4734/wd/hub. Could not start a new session. Response code 500. Message: Error executing adbExec. Original error: 'Command '/Users/fireflinkcloud/Library/Android/sdk/platform-tools/adb -P 5037 -s emulator-5560 shell pm clear io.appium.android.apis' exited with code 1'; Command output: Failed
 
Host info: host: 'Fireflinks-MacBook-Pro-2.local', ip: 'fe80:0:0:0:18e6:3fe2:5f53:5a47%en0'
Build info: version: '4.21.0', revision: '79ed462ef4'
System info: os.name: 'Mac OS X', os.arch: 'aarch64', os.version: '13.7.6', java.version: '17.0.15'
Driver info: driver.version: unknown
Build info: version: '4.21.0', revision: '79ed462ef4'
System info: os.name: 'Mac OS X', os.arch: 'aarch64', os.version: '13.7.6', java.version: '17.0.15'
Driver info: driver.version: unknown
Build info: version: '4.21.0', revision: 'Unknown'
System info: os.name: 'Linux', os.arch: 'amd64', os.version: '5.15.0-126-generic', java.version: '17.0.18'
Driver info: driver.version: unknown
Build info: version: '4.13.0', revision: 'ba948ece5b*'
System info: os.name: 'Windows 11', os.arch: 'amd64', os.version: '10.0', java.version: '17.0.16'
Driver info: io.appium.java_client.android.AndroidDriver
Command: [null, newSession {capabilities=[{appium:app=ApiDemos-debug.apk, appium:deviceName=Google TV, appium:deviceType=public, appium:isVirtual=true, appium:platformVersion=16, platformName=ANDROID}], desiredCapabilities=Capabilities {appium:app: ApiDemos-debug.apk, appium:deviceName: Google TV, appium:deviceType: public, appium:isVirtual: true, appium:platformVersion: 16, platformName: ANDROID}}]
Capabilities {appium:app: ApiDemos-debug.apk, appium:deviceName: Google TV, appium:deviceType: public, appium:isVirtual: true, appium:platformVersion: 16, platformName: ANDROID}
at org.openqa.selenium.remote.ProtocolHandshake.createSession(ProtocolHandshake.java:140)
at io.appium.java_client.remote.AppiumProtocolHandshake.createSession(AppiumProtocolHandshake.java:133)
at io.appium.java_client.remote.AppiumProtocolHandshake.createSession(AppiumProtocolHandshake.java:102)
at io.appium.java_client.remote.AppiumCommandExecutor.createSession(AppiumCommandExecutor.java:182)
at io.appium.java_client.remote.AppiumCommandExecutor.execute(AppiumCommandExecutor.java:250)
at org.openqa.selenium.remote.RemoteWebDriver.execute(RemoteWebDriver.java:602)
at io.appium.java_client.AppiumDriver.startSession(AppiumDriver.java:274)
at org.openqa.selenium.remote.RemoteWebDriver.<init>(RemoteWebDriver.java:163)
at io.appium.java_client.AppiumDriver.<init>(AppiumDriver.java:89)
at io.appium.java_client.AppiumDriver.<init>(AppiumDriver.java:101)
at io.appium.java_client.android.AndroidDriver.<init>(AndroidDriver.java:113)
at AT_Scripts._10_TV_AndroidTv.TVAndroidTVAppAPIDemoApp(_10_TV_AndroidTv.java:40)
... 22 more
... Removed 21 stack frames]]>
    </failure>
  </testcase> <!-- TVAndroidTVAppAPIDemoApp -->
</testsuite> <!-- DeviceFarm_AT_TV -->
