<?xml version="1.0" encoding="UTF-8"?>
<!-- Generated by org.testng.reporters.JUnitXMLReporter -->
<testsuite ignored="0" hostname="FFE-Pradeep-Kumar-P" failures="1" tests="9" name="DeviceFarm_AT_Mobile" time="405.303" errors="0" timestamp="2026-05-22T13:12:42 IST">
  <testcase classname="AT_Scripts._02_Mobile_Android_App" name="androidMobileAppGeneralStore" time="37.835"/>
  <testcase classname="AT_Scripts._02_Mobile_Android_App" name="androidMobileAppGeneralStore" time="38.317"/>
  <testcase classname="AT_Scripts._02_Mobile_Android_App" name="androidMobileAppGeneralStore" time="34.005"/>
  <testcase classname="AT_Scripts._03_Mobile_Android_Browser" name="androidMobileBrowserPantaloonsSite" time="50.253"/>
  <testcase classname="AT_Scripts._03_Mobile_Android_Browser" name="androidMobileBrowserPantaloonsSite" time="45.771"/>
  <testcase classname="AT_Scripts._03_Mobile_Android_Browser" name="androidMobileBrowserPantaloonsSite" time="49.241"/>
  <testcase classname="AT_Scripts._03_Mobile_Android_Browser" name="androidMobileBrowserPantaloonsSite" time="49.224"/>
  <testcase classname="AT_Scripts._04_Mobile_iOS_App" name="iOSMobileAppBigBasket" time="52.368">
    <failure type="org.openqa.selenium.TimeoutException" message="Expected condition failed: waiting for presence of element located by: AppiumBy.iOSNsPredicate: label == &amp;apos;Cancel&amp;apos; (tried for 5 second(s) with 500 milliseconds interval)">
      <![CDATA[org.openqa.selenium.TimeoutException: Expected condition failed: waiting for presence of element located by: AppiumBy.iOSNsPredicate: label == 'Cancel' (tried for 5 second(s) with 500 milliseconds interval)
at org.openqa.selenium.support.ui.WebDriverWait.timeoutException(WebDriverWait.java:84)
at org.openqa.selenium.support.ui.FluentWait.until(FluentWait.java:230)
at AT_Scripts._04_Mobile_iOS_App.iOSMobileAppBigBasket(_04_Mobile_iOS_App.java:58)
at java.base/java.util.ArrayList.forEach(ArrayList.java:1511)
at java.base/java.util.concurrent.FutureTask.run(FutureTask.java:264)
at java.base/java.util.concurrent.ThreadPoolExecutor.runWorker(ThreadPoolExecutor.java:1136)
at java.base/java.util.concurrent.ThreadPoolExecutor$Worker.run(ThreadPoolExecutor.java:635)
at java.base/java.lang.Thread.run(Thread.java:840)
Caused by: org.openqa.selenium.NoSuchElementException: An element could not be located on the page using the given search parameters.
For documentation on this error, please visit: https://www.selenium.dev/documentation/webdriver/troubleshooting/errors#no-such-element-exception
Build info: version: '4.13.0', revision: 'ba948ece5b*'
System info: os.name: 'Windows 11', os.arch: 'amd64', os.version: '10.0', java.version: '17.0.16'
Driver info: io.appium.java_client.ios.IOSDriver
Command: [d95052cc-37ba-4fdb-ac01-97559b050c1f, findElement {using=-ios predicate string, value=label == 'Cancel'}]
Capabilities {appium:app: https://fireflink-test3.s3...., appium:autoAcceptAlerts: true, appium:automationName: XCUITest, appium:bundleId: com.bigbasket.mobileapp, appium:databaseEnabled: false, appium:deviceName: iPhone 11, appium:deviceType: public, appium:fullReset: true, appium:isVirtual: false, appium:javascriptEnabled: true, appium:locationContextEnabled: false, appium:mjpegScreenshotUrl: http://localhost:9101, appium:mjpegServerPort: 9101, appium:networkConnectionEnabled: false, appium:platformVersion: 18.3, appium:takesScreenshot: true, appium:udid: 00008030-001A6C912EF2402E, appium:wdaLocalPort: 8101, appium:webStorageEnabled: false, platformName: IOS, se:bidiEnabled: false, se:cdpEnabled: false}
Session ID: d95052cc-37ba-4fdb-ac01-97559b050c1f
at org.openqa.selenium.remote.codec.w3c.W3CHttpResponseCodec.createException(W3CHttpResponseCodec.java:200)
at org.openqa.selenium.remote.codec.w3c.W3CHttpResponseCodec.decode(W3CHttpResponseCodec.java:133)
at org.openqa.selenium.remote.codec.w3c.W3CHttpResponseCodec.decode(W3CHttpResponseCodec.java:52)
at org.openqa.selenium.remote.HttpCommandExecutor.execute(HttpCommandExecutor.java:191)
at io.appium.java_client.remote.AppiumCommandExecutor.execute(AppiumCommandExecutor.java:250)
at org.openqa.selenium.remote.RemoteWebDriver.execute(RemoteWebDriver.java:602)
at org.openqa.selenium.remote.ElementLocation$ElementFinder$2.findElement(ElementLocation.java:165)
at org.openqa.selenium.remote.ElementLocation.findElement(ElementLocation.java:59)
at org.openqa.selenium.remote.RemoteWebDriver.findElement(RemoteWebDriver.java:359)
at org.openqa.selenium.remote.RemoteWebDriver.findElement(RemoteWebDriver.java:353)
at org.openqa.selenium.support.ui.ExpectedConditions$6.apply(ExpectedConditions.java:171)
at org.openqa.selenium.support.ui.ExpectedConditions$6.apply(ExpectedConditions.java:168)
at org.openqa.selenium.support.ui.FluentWait.until(FluentWait.java:205)
... 23 more
... Removed 22 stack frames]]>
    </failure>
  </testcase> <!-- iOSMobileAppBigBasket -->
  <testcase classname="AT_Scripts._05_Mobile_iOS_Browser" name="iOSMobileBrowserWikipedia" time="48.225"/>
</testsuite> <!-- DeviceFarm_AT_Mobile -->
