<?xml version="1.0" encoding="UTF-8"?>
<!-- Generated by org.testng.reporters.JUnitReportReporter -->
<testsuite hostname="FFE-Pradeep-Kumar-P" failures="0" tests="1" name="AT_Scripts._10_TV_AndroidTv" time="4.320" errors="1" timestamp="2026-05-22T13:18:38 IST" skipped="0">
  <testcase classname="AT_Scripts._10_TV_AndroidTv" name="TVAndroidTVAppAPIDemoApp" time="4.320">
    <error message="org.openqa.selenium.SessionNotCreatedException: Could not start a new session. Response code 500. Message: Could not start a new session. Could not start a new session. Error while creating session with the service http://localhost:4734/wd/hub. Could not start a new session. Response code 500. Message: Error executing adbExec. Original error: &#039;Command &#039;/Users/fireflinkcloud/Library/Android/sdk/platform-tools/adb -P 5037 -s emulator-5560 shell pm clear io.appium.android.apis&#039; exited with code 1&#039;; Command output: Failed
 
Host info: host: &#039;Fireflinks-MacBook-Pro-2.local&#039;, ip: &#039;fe80:0:0:0:18e6:3fe2:5f53:5a47%en0&#039;
Build info: version: &#039;4.21.0&#039;, revision: &#039;79ed462ef4&#039;
System info: os.name: &#039;Mac OS X&#039;, os.arch: &#039;aarch64&#039;, os.version: &#039;13.7.6&#039;, java.version: &#039;17.0.15&#039;
Driver info: driver.version: unknown
Build info: version: &#039;4.21.0&#039;, revision: &#039;79ed462ef4&#039;
System info: os.name: &#039;Mac OS X&#039;, os.arch: &#039;aarch64&#039;, os.version: &#039;13.7.6&#039;, java.version: &#039;17.0.15&#039;
Driver info: driver.version: unknown
Build info: version: &#039;4.21.0&#039;, revision: &#039;Unknown&#039;
System info: os.name: &#039;Linux&#039;, os.arch: &#039;amd64&#039;, os.version: &#039;5.15.0-126-generic&#039;, java.version: &#039;17.0.18&#039;
Driver info: driver.version: unknown
Build info: version: &#039;4.13.0&#039;, revision: &#039;ba948ece5b*&#039;
System info: os.name: &#039;Windows 11&#039;, os.arch: &#039;amd64&#039;, os.version: &#039;10.0&#039;, java.version: &#039;17.0.16&#039;
Driver info: io.appium.java_client.android.AndroidDriver
Command: [null, newSession {capabilities=[{appium:app=ApiDemos-debug.apk, appium:deviceName=Google TV, appium:deviceType=public, appium:isVirtual=true, appium:platformVersion=16, platformName=ANDROID}], desiredCapabilities=Capabilities {appium:app: ApiDemos-debug.apk, appium:deviceName: Google TV, appium:deviceType: public, appium:isVirtual: true, appium:platformVersion: 16, platformName: ANDROID}}]
Capabilities {appium:app: ApiDemos-debug.apk, appium:deviceName: Google TV, appium:deviceType: public, appium:isVirtual: true, appium:platformVersion: 16, platformName: ANDROID}" type="java.lang.RuntimeException">
      <![CDATA[java.lang.RuntimeException: org.openqa.selenium.SessionNotCreatedException: Could not start a new session. Response code 500. Message: Could not start a new session. Could not start a new session. Error while creating session with the service http://localhost:4734/wd/hub. Could not start a new session. Response code 500. Message: Error executing adbExec. Original error: 'Command '/Users/fireflinkcloud/Library/Android/sdk/platform-tools/adb -P 5037 -s emulator-5560 shell pm clear io.appium.android.apis' exited with code 1'; Command output: Failed
 
Host info: host: 'Fireflinks-MacBook-Pro-2.local', ip: 'fe80:0:0:0:18e6:3fe2:5f53:5a47%en0'
Build info: version: '4.21.0', revision: '79ed462ef4'
System info: os.name: 'Mac OS X', os.arch: 'aarch64', os.version: '13.7.6', java.version: '17.0.15'
Driver info: driver.version: unknown
Build info: version: '4.21.0', revision: '79ed462ef4'
System info: os.name: 'Mac OS X', os.arch: 'aarch64', os.version: '13.7.6', java.version: '17.0.15'
Driver info: driver.version: unknown
Build info: version: '4.21.0', revision: 'Unknown'
System info: os.name: 'Linux', os.arch: 'amd64', os.version: '5.15.0-126-generic', java.version: '17.0.18'
Driver info: driver.version: unknown
Build info: version: '4.13.0', revision: 'ba948ece5b*'
System info: os.name: 'Windows 11', os.arch: 'amd64', os.version: '10.0', java.version: '17.0.16'
Driver info: io.appium.java_client.android.AndroidDriver
Command: [null, newSession {capabilities=[{appium:app=ApiDemos-debug.apk, appium:deviceName=Google TV, appium:deviceType=public, appium:isVirtual=true, appium:platformVersion=16, platformName=ANDROID}], desiredCapabilities=Capabilities {appium:app: ApiDemos-debug.apk, appium:deviceName: Google TV, appium:deviceType: public, appium:isVirtual: true, appium:platformVersion: 16, platformName: ANDROID}}]
Capabilities {appium:app: ApiDemos-debug.apk, appium:deviceName: Google TV, appium:deviceType: public, appium:isVirtual: true, appium:platformVersion: 16, platformName: ANDROID}
at AT_Scripts._10_TV_AndroidTv.TVAndroidTVAppAPIDemoApp(_10_TV_AndroidTv.java:120)
at java.base/jdk.internal.reflect.NativeMethodAccessorImpl.invoke0(Native Method)
at java.base/jdk.internal.reflect.NativeMethodAccessorImpl.invoke(NativeMethodAccessorImpl.java:77)
at java.base/jdk.internal.reflect.DelegatingMethodAccessorImpl.invoke(DelegatingMethodAccessorImpl.java:43)
at java.base/java.lang.reflect.Method.invoke(Method.java:569)
at org.testng.internal.invokers.MethodInvocationHelper.invokeMethod(MethodInvocationHelper.java:141)
at org.testng.internal.invokers.TestInvoker.invokeMethod(TestInvoker.java:687)
at org.testng.internal.invokers.TestInvoker.invokeTestMethod(TestInvoker.java:230)
at org.testng.internal.invokers.MethodRunner.runInSequence(MethodRunner.java:63)
at org.testng.internal.invokers.TestInvoker$MethodInvocationAgent.invoke(TestInvoker.java:995)
at org.testng.internal.invokers.TestInvoker.invokeTestMethods(TestInvoker.java:203)
at org.testng.internal.invokers.TestMethodWorker.invokeTestMethods(TestMethodWorker.java:154)
at org.testng.internal.invokers.TestMethodWorker.run(TestMethodWorker.java:134)
at java.base/java.util.ArrayList.forEach(ArrayList.java:1511)
at org.testng.TestRunner.privateRun(TestRunner.java:741)
at org.testng.TestRunner.run(TestRunner.java:616)
at org.testng.SuiteRunner.runTest(SuiteRunner.java:421)
at org.testng.SuiteRunner$SuiteWorker.run(SuiteRunner.java:463)
at org.testng.internal.thread.ThreadUtil.lambda$execute$0(ThreadUtil.java:64)
at java.base/java.util.concurrent.FutureTask.run(FutureTask.java:264)
at java.base/java.util.concurrent.ThreadPoolExecutor.runWorker(ThreadPoolExecutor.java:1136)
at java.base/java.util.concurrent.ThreadPoolExecutor$Worker.run(ThreadPoolExecutor.java:635)
at java.base/java.lang.Thread.run(Thread.java:840)
Caused by: org.openqa.selenium.SessionNotCreatedException: Could not start a new session. Response code 500. Message: Could not start a new session. Could not start a new session. Error while creating session with the service http://localhost:4734/wd/hub. Could not start a new session. Response code 500. Message: Error executing adbExec. Original error: 'Command '/Users/fireflinkcloud/Library/Android/sdk/platform-tools/adb -P 5037 -s emulator-5560 shell pm clear io.appium.android.apis' exited with code 1'; Command output: Failed
 
Host info: host: 'Fireflinks-MacBook-Pro-2.local', ip: 'fe80:0:0:0:18e6:3fe2:5f53:5a47%en0'
Build info: version: '4.21.0', revision: '79ed462ef4'
System info: os.name: 'Mac OS X', os.arch: 'aarch64', os.version: '13.7.6', java.version: '17.0.15'
Driver info: driver.version: unknown
Build info: version: '4.21.0', revision: '79ed462ef4'
System info: os.name: 'Mac OS X', os.arch: 'aarch64', os.version: '13.7.6', java.version: '17.0.15'
Driver info: driver.version: unknown
Build info: version: '4.21.0', revision: 'Unknown'
System info: os.name: 'Linux', os.arch: 'amd64', os.version: '5.15.0-126-generic', java.version: '17.0.18'
Driver info: driver.version: unknown
Build info: version: '4.13.0', revision: 'ba948ece5b*'
System info: os.name: 'Windows 11', os.arch: 'amd64', os.version: '10.0', java.version: '17.0.16'
Driver info: io.appium.java_client.android.AndroidDriver
Command: [null, newSession {capabilities=[{appium:app=ApiDemos-debug.apk, appium:deviceName=Google TV, appium:deviceType=public, appium:isVirtual=true, appium:platformVersion=16, platformName=ANDROID}], desiredCapabilities=Capabilities {appium:app: ApiDemos-debug.apk, appium:deviceName: Google TV, appium:deviceType: public, appium:isVirtual: true, appium:platformVersion: 16, platformName: ANDROID}}]
Capabilities {appium:app: ApiDemos-debug.apk, appium:deviceName: Google TV, appium:deviceType: public, appium:isVirtual: true, appium:platformVersion: 16, platformName: ANDROID}
at org.openqa.selenium.remote.ProtocolHandshake.createSession(ProtocolHandshake.java:140)
at java.base/jdk.internal.reflect.NativeMethodAccessorImpl.invoke0(Native Method)
at java.base/jdk.internal.reflect.NativeMethodAccessorImpl.invoke(NativeMethodAccessorImpl.java:77)
at java.base/jdk.internal.reflect.DelegatingMethodAccessorImpl.invoke(DelegatingMethodAccessorImpl.java:43)
at java.base/java.lang.reflect.Method.invoke(Method.java:569)
at io.appium.java_client.remote.AppiumProtocolHandshake.createSession(AppiumProtocolHandshake.java:133)
at io.appium.java_client.remote.AppiumProtocolHandshake.createSession(AppiumProtocolHandshake.java:102)
at io.appium.java_client.remote.AppiumCommandExecutor.createSession(AppiumCommandExecutor.java:182)
at io.appium.java_client.remote.AppiumCommandExecutor.execute(AppiumCommandExecutor.java:250)
at org.openqa.selenium.remote.RemoteWebDriver.execute(RemoteWebDriver.java:602)
at io.appium.java_client.AppiumDriver.startSession(AppiumDriver.java:274)
at org.openqa.selenium.remote.RemoteWebDriver.<init>(RemoteWebDriver.java:163)
at io.appium.java_client.AppiumDriver.<init>(AppiumDriver.java:89)
at io.appium.java_client.AppiumDriver.<init>(AppiumDriver.java:101)
at io.appium.java_client.android.AndroidDriver.<init>(AndroidDriver.java:113)
at AT_Scripts._10_TV_AndroidTv.TVAndroidTVAppAPIDemoApp(_10_TV_AndroidTv.java:40)
... 22 more
]]>
    </error>
  </testcase> <!-- TVAndroidTVAppAPIDemoApp -->
</testsuite> <!-- AT_Scripts._10_TV_AndroidTv -->
