<?xml version="1.0" encoding="UTF-8"?>
<!-- Generated by org.testng.reporters.JUnitReportReporter -->
<testsuite hostname="FFE-Pradeep-Kumar-P" failures="0" tests="3" name="AT_Scripts._02_Mobile_Android_App" time="110.157" errors="0" timestamp="2026-05-22T13:18:38 IST" skipped="0">
  <testcase classname="AT_Scripts._02_Mobile_Android_App" name="androidMobileAppGeneralStore" time="37.835"/>
  <testcase classname="AT_Scripts._02_Mobile_Android_App" name="androidMobileAppGeneralStore" time="34.005"/>
  <testcase classname="AT_Scripts._02_Mobile_Android_App" name="androidMobileAppGeneralStore" time="38.317"/>
</testsuite> <!-- AT_Scripts._02_Mobile_Android_App -->
