<?xml version="1.0" encoding="UTF-8"?>
<!-- Generated by org.testng.reporters.JUnitReportReporter -->
<testsuite hostname="FFE-Pradeep-Kumar-P" failures="0" tests="4" name="AT_Scripts._03_Mobile_Android_Browser" time="194.489" errors="0" timestamp="2026-05-22T13:18:38 IST" skipped="0">
  <testcase classname="AT_Scripts._03_Mobile_Android_Browser" name="androidMobileBrowserPantaloonsSite" time="50.253"/>
  <testcase classname="AT_Scripts._03_Mobile_Android_Browser" name="androidMobileBrowserPantaloonsSite" time="49.224"/>
  <testcase classname="AT_Scripts._03_Mobile_Android_Browser" name="androidMobileBrowserPantaloonsSite" time="49.241"/>
  <testcase classname="AT_Scripts._03_Mobile_Android_Browser" name="androidMobileBrowserPantaloonsSite" time="45.771"/>
</testsuite> <!-- AT_Scripts._03_Mobile_Android_Browser -->
