<?xml version="1.0" encoding="UTF-8"?>
<!-- Generated by org.testng.reporters.JUnitReportReporter -->
<testsuite hostname="FFE-Pradeep-Kumar-P" failures="0" tests="13" name="AT_Scripts._01_Web_Automation" time="760.366" errors="4" timestamp="2026-05-22T13:18:38 IST" skipped="0">
  <testcase classname="AT_Scripts._01_Web_Automation" name="webAutomationPantaloonsSite" time="68.361"/>
  <testcase classname="AT_Scripts._01_Web_Automation" name="webAutomationPantaloonsSite" time="44.956"/>
  <testcase classname="AT_Scripts._01_Web_Automation" name="webAutomationPantaloonsSite" time="64.207">
    <error message="org.openqa.selenium.SessionNotCreatedException: Could not start a new session. Response code 500. Message: Could not start a new session. Could not start a new session. Error while creating session with the driver service. Stopping driver service: Could not start a new session. Response code 500. Message: session not created
from unknown error: unable to discover open pages 
Host info: host: &#039;DESKTOP-H2S30AK&#039;, ip: &#039;10.8.0.60&#039;
Build info: version: &#039;4.21.0&#039;, revision: &#039;79ed462ef4&#039;
System info: os.name: &#039;Windows 10&#039;, os.arch: &#039;amd64&#039;, os.version: &#039;10.0&#039;, java.version: &#039;17.0.12&#039;
Driver info: driver.version: unknown
Build info: version: &#039;4.21.0&#039;, revision: &#039;79ed462ef4&#039;
System info: os.name: &#039;Windows 10&#039;, os.arch: &#039;amd64&#039;, os.version: &#039;10.0&#039;, java.version: &#039;17.0.12&#039;
Driver info: driver.version: unknown
Build info: version: &#039;4.21.0&#039;, revision: &#039;Unknown&#039;
System info: os.name: &#039;Linux&#039;, os.arch: &#039;amd64&#039;, os.version: &#039;5.15.0-168-generic&#039;, java.version: &#039;17.0.18&#039;
Driver info: driver.version: unknown
Build info: version: &#039;4.13.0&#039;, revision: &#039;ba948ece5b*&#039;
System info: os.name: &#039;Windows 11&#039;, os.arch: &#039;amd64&#039;, os.version: &#039;10.0&#039;, java.version: &#039;17.0.16&#039;
Driver info: org.openqa.selenium.remote.RemoteWebDriver
Command: [null, newSession {capabilities=[Capabilities {browserName: MicrosoftEdge, browserVersion: 136, devicefarm:networkLogEnable: true, fireflink:deviceType: public, ms:edgeOptions: {args: [--remote-allow-origins=*], extensions: []}, platformName: Windows 10}]}]
Capabilities {browserName: MicrosoftEdge, browserVersion: 136, devicefarm:networkLogEnable: true, fireflink:deviceType: public, ms:edgeOptions: {args: [--remote-allow-origins=*], extensions: []}, platformName: Windows 10}" type="java.lang.RuntimeException">
      <![CDATA[java.lang.RuntimeException: org.openqa.selenium.SessionNotCreatedException: Could not start a new session. Response code 500. Message: Could not start a new session. Could not start a new session. Error while creating session with the driver service. Stopping driver service: Could not start a new session. Response code 500. Message: session not created
from unknown error: unable to discover open pages 
Host info: host: 'DESKTOP-H2S30AK', ip: '10.8.0.60'
Build info: version: '4.21.0', revision: '79ed462ef4'
System info: os.name: 'Windows 10', os.arch: 'amd64', os.version: '10.0', java.version: '17.0.12'
Driver info: driver.version: unknown
Build info: version: '4.21.0', revision: '79ed462ef4'
System info: os.name: 'Windows 10', os.arch: 'amd64', os.version: '10.0', java.version: '17.0.12'
Driver info: driver.version: unknown
Build info: version: '4.21.0', revision: 'Unknown'
System info: os.name: 'Linux', os.arch: 'amd64', os.version: '5.15.0-168-generic', java.version: '17.0.18'
Driver info: driver.version: unknown
Build info: version: '4.13.0', revision: 'ba948ece5b*'
System info: os.name: 'Windows 11', os.arch: 'amd64', os.version: '10.0', java.version: '17.0.16'
Driver info: org.openqa.selenium.remote.RemoteWebDriver
Command: [null, newSession {capabilities=[Capabilities {browserName: MicrosoftEdge, browserVersion: 136, devicefarm:networkLogEnable: true, fireflink:deviceType: public, ms:edgeOptions: {args: [--remote-allow-origins=*], extensions: []}, platformName: Windows 10}]}]
Capabilities {browserName: MicrosoftEdge, browserVersion: 136, devicefarm:networkLogEnable: true, fireflink:deviceType: public, ms:edgeOptions: {args: [--remote-allow-origins=*], extensions: []}, platformName: Windows 10}
at AT_Scripts._01_Web_Automation.webAutomationPantaloonsSite(_01_Web_Automation.java:128)
at java.base/jdk.internal.reflect.NativeMethodAccessorImpl.invoke0(Native Method)
at java.base/jdk.internal.reflect.NativeMethodAccessorImpl.invoke(NativeMethodAccessorImpl.java:77)
at java.base/jdk.internal.reflect.DelegatingMethodAccessorImpl.invoke(DelegatingMethodAccessorImpl.java:43)
at java.base/java.lang.reflect.Method.invoke(Method.java:569)
at org.testng.internal.invokers.MethodInvocationHelper.invokeMethod(MethodInvocationHelper.java:141)
at org.testng.internal.invokers.TestInvoker.invokeMethod(TestInvoker.java:687)
at org.testng.internal.invokers.TestInvoker.invokeTestMethod(TestInvoker.java:230)
at org.testng.internal.invokers.MethodRunner.runInSequence(MethodRunner.java:63)
at org.testng.internal.invokers.TestInvoker$MethodInvocationAgent.invoke(TestInvoker.java:995)
at org.testng.internal.invokers.TestInvoker.invokeTestMethods(TestInvoker.java:203)
at org.testng.internal.invokers.TestMethodWorker.invokeTestMethods(TestMethodWorker.java:154)
at org.testng.internal.invokers.TestMethodWorker.run(TestMethodWorker.java:134)
at java.base/java.util.ArrayList.forEach(ArrayList.java:1511)
at org.testng.TestRunner.privateRun(TestRunner.java:741)
at org.testng.TestRunner.run(TestRunner.java:616)
at org.testng.SuiteRunner.runTest(SuiteRunner.java:421)
at org.testng.SuiteRunner$SuiteWorker.run(SuiteRunner.java:463)
at org.testng.internal.thread.ThreadUtil.lambda$execute$0(ThreadUtil.java:64)
at java.base/java.util.concurrent.FutureTask.run(FutureTask.java:264)
at java.base/java.util.concurrent.ThreadPoolExecutor.runWorker(ThreadPoolExecutor.java:1136)
at java.base/java.util.concurrent.ThreadPoolExecutor$Worker.run(ThreadPoolExecutor.java:635)
at java.base/java.lang.Thread.run(Thread.java:840)
Caused by: org.openqa.selenium.SessionNotCreatedException: Could not start a new session. Response code 500. Message: Could not start a new session. Could not start a new session. Error while creating session with the driver service. Stopping driver service: Could not start a new session. Response code 500. Message: session not created
from unknown error: unable to discover open pages 
Host info: host: 'DESKTOP-H2S30AK', ip: '10.8.0.60'
Build info: version: '4.21.0', revision: '79ed462ef4'
System info: os.name: 'Windows 10', os.arch: 'amd64', os.version: '10.0', java.version: '17.0.12'
Driver info: driver.version: unknown
Build info: version: '4.21.0', revision: '79ed462ef4'
System info: os.name: 'Windows 10', os.arch: 'amd64', os.version: '10.0', java.version: '17.0.12'
Driver info: driver.version: unknown
Build info: version: '4.21.0', revision: 'Unknown'
System info: os.name: 'Linux', os.arch: 'amd64', os.version: '5.15.0-168-generic', java.version: '17.0.18'
Driver info: driver.version: unknown
Build info: version: '4.13.0', revision: 'ba948ece5b*'
System info: os.name: 'Windows 11', os.arch: 'amd64', os.version: '10.0', java.version: '17.0.16'
Driver info: org.openqa.selenium.remote.RemoteWebDriver
Command: [null, newSession {capabilities=[Capabilities {browserName: MicrosoftEdge, browserVersion: 136, devicefarm:networkLogEnable: true, fireflink:deviceType: public, ms:edgeOptions: {args: [--remote-allow-origins=*], extensions: []}, platformName: Windows 10}]}]
Capabilities {browserName: MicrosoftEdge, browserVersion: 136, devicefarm:networkLogEnable: true, fireflink:deviceType: public, ms:edgeOptions: {args: [--remote-allow-origins=*], extensions: []}, platformName: Windows 10}
at org.openqa.selenium.remote.ProtocolHandshake.createSession(ProtocolHandshake.java:140)
at org.openqa.selenium.remote.ProtocolHandshake.createSession(ProtocolHandshake.java:96)
at org.openqa.selenium.remote.ProtocolHandshake.createSession(ProtocolHandshake.java:68)
at org.openqa.selenium.remote.HttpCommandExecutor.execute(HttpCommandExecutor.java:163)
at org.openqa.selenium.remote.TracedCommandExecutor.execute(TracedCommandExecutor.java:51)
at org.openqa.selenium.remote.RemoteWebDriver.execute(RemoteWebDriver.java:602)
at org.openqa.selenium.remote.RemoteWebDriver.startSession(RemoteWebDriver.java:236)
at org.openqa.selenium.remote.RemoteWebDriver.<init>(RemoteWebDriver.java:163)
at org.openqa.selenium.remote.RemoteWebDriver.<init>(RemoteWebDriver.java:143)
at AT_Scripts._01_Web_Automation.webAutomationPantaloonsSite(_01_Web_Automation.java:71)
... 22 more
]]>
    </error>
  </testcase> <!-- webAutomationPantaloonsSite -->
  <testcase classname="AT_Scripts._01_Web_Automation" name="webAutomationPantaloonsSite" time="0.104">
    <error message="org.openqa.selenium.SessionNotCreatedException: Could not start a new session. Response code 500. Message: null 
Host info: host: &#039;FFE-PRADEEP-KUM&#039;, ip: &#039;10.10.41.1&#039;
Build info: version: &#039;4.13.0&#039;, revision: &#039;ba948ece5b*&#039;
System info: os.name: &#039;Windows 11&#039;, os.arch: &#039;amd64&#039;, os.version: &#039;10.0&#039;, java.version: &#039;17.0.16&#039;
Driver info: org.openqa.selenium.remote.RemoteWebDriver
Command: [null, newSession {capabilities=[Capabilities {browserName: safari, browserVersion: 136, devicefarm:networkLogEnable: true, fireflink:deviceType: public, platformName: mac Tahoe}]}]
Capabilities {browserName: safari, browserVersion: 136, devicefarm:networkLogEnable: true, fireflink:deviceType: public, platformName: mac Tahoe}" type="java.lang.RuntimeException">
      <![CDATA[java.lang.RuntimeException: org.openqa.selenium.SessionNotCreatedException: Could not start a new session. Response code 500. Message: null 
Host info: host: 'FFE-PRADEEP-KUM', ip: '10.10.41.1'
Build info: version: '4.13.0', revision: 'ba948ece5b*'
System info: os.name: 'Windows 11', os.arch: 'amd64', os.version: '10.0', java.version: '17.0.16'
Driver info: org.openqa.selenium.remote.RemoteWebDriver
Command: [null, newSession {capabilities=[Capabilities {browserName: safari, browserVersion: 136, devicefarm:networkLogEnable: true, fireflink:deviceType: public, platformName: mac Tahoe}]}]
Capabilities {browserName: safari, browserVersion: 136, devicefarm:networkLogEnable: true, fireflink:deviceType: public, platformName: mac Tahoe}
at AT_Scripts._01_Web_Automation.webAutomationPantaloonsSite(_01_Web_Automation.java:128)
at java.base/jdk.internal.reflect.NativeMethodAccessorImpl.invoke0(Native Method)
at java.base/jdk.internal.reflect.NativeMethodAccessorImpl.invoke(NativeMethodAccessorImpl.java:77)
at java.base/jdk.internal.reflect.DelegatingMethodAccessorImpl.invoke(DelegatingMethodAccessorImpl.java:43)
at java.base/java.lang.reflect.Method.invoke(Method.java:569)
at org.testng.internal.invokers.MethodInvocationHelper.invokeMethod(MethodInvocationHelper.java:141)
at org.testng.internal.invokers.TestInvoker.invokeMethod(TestInvoker.java:687)
at org.testng.internal.invokers.TestInvoker.invokeTestMethod(TestInvoker.java:230)
at org.testng.internal.invokers.MethodRunner.runInSequence(MethodRunner.java:63)
at org.testng.internal.invokers.TestInvoker$MethodInvocationAgent.invoke(TestInvoker.java:995)
at org.testng.internal.invokers.TestInvoker.invokeTestMethods(TestInvoker.java:203)
at org.testng.internal.invokers.TestMethodWorker.invokeTestMethods(TestMethodWorker.java:154)
at org.testng.internal.invokers.TestMethodWorker.run(TestMethodWorker.java:134)
at java.base/java.util.ArrayList.forEach(ArrayList.java:1511)
at org.testng.TestRunner.privateRun(TestRunner.java:741)
at org.testng.TestRunner.run(TestRunner.java:616)
at org.testng.SuiteRunner.runTest(SuiteRunner.java:421)
at org.testng.SuiteRunner$SuiteWorker.run(SuiteRunner.java:463)
at org.testng.internal.thread.ThreadUtil.lambda$execute$0(ThreadUtil.java:64)
at java.base/java.util.concurrent.FutureTask.run(FutureTask.java:264)
at java.base/java.util.concurrent.ThreadPoolExecutor.runWorker(ThreadPoolExecutor.java:1136)
at java.base/java.util.concurrent.ThreadPoolExecutor$Worker.run(ThreadPoolExecutor.java:635)
at java.base/java.lang.Thread.run(Thread.java:840)
Caused by: org.openqa.selenium.SessionNotCreatedException: Could not start a new session. Response code 500. Message: null 
Host info: host: 'FFE-PRADEEP-KUM', ip: '10.10.41.1'
Build info: version: '4.13.0', revision: 'ba948ece5b*'
System info: os.name: 'Windows 11', os.arch: 'amd64', os.version: '10.0', java.version: '17.0.16'
Driver info: org.openqa.selenium.remote.RemoteWebDriver
Command: [null, newSession {capabilities=[Capabilities {browserName: safari, browserVersion: 136, devicefarm:networkLogEnable: true, fireflink:deviceType: public, platformName: mac Tahoe}]}]
Capabilities {browserName: safari, browserVersion: 136, devicefarm:networkLogEnable: true, fireflink:deviceType: public, platformName: mac Tahoe}
at org.openqa.selenium.remote.ProtocolHandshake.createSession(ProtocolHandshake.java:140)
at org.openqa.selenium.remote.ProtocolHandshake.createSession(ProtocolHandshake.java:96)
at org.openqa.selenium.remote.ProtocolHandshake.createSession(ProtocolHandshake.java:68)
at org.openqa.selenium.remote.HttpCommandExecutor.execute(HttpCommandExecutor.java:163)
at org.openqa.selenium.remote.TracedCommandExecutor.execute(TracedCommandExecutor.java:51)
at org.openqa.selenium.remote.RemoteWebDriver.execute(RemoteWebDriver.java:602)
at org.openqa.selenium.remote.RemoteWebDriver.startSession(RemoteWebDriver.java:236)
at org.openqa.selenium.remote.RemoteWebDriver.<init>(RemoteWebDriver.java:163)
at org.openqa.selenium.remote.RemoteWebDriver.<init>(RemoteWebDriver.java:143)
at AT_Scripts._01_Web_Automation.webAutomationPantaloonsSite(_01_Web_Automation.java:71)
... 22 more
]]>
    </error>
  </testcase> <!-- webAutomationPantaloonsSite -->
  <testcase classname="AT_Scripts._01_Web_Automation" name="webAutomationPantaloonsSite" time="90.804">
    <error message="org.openqa.selenium.json.JsonException: Unable to parse: Failed to forward request: Cannot invoke &quot;String.trim()&quot; because &quot;memoryStr&quot; is null" type="java.lang.RuntimeException">
      <![CDATA[java.lang.RuntimeException: org.openqa.selenium.json.JsonException: Unable to parse: Failed to forward request: Cannot invoke "String.trim()" because "memoryStr" is null
at AT_Scripts._01_Web_Automation.webAutomationPantaloonsSite(_01_Web_Automation.java:128)
at java.base/jdk.internal.reflect.NativeMethodAccessorImpl.invoke0(Native Method)
at java.base/jdk.internal.reflect.NativeMethodAccessorImpl.invoke(NativeMethodAccessorImpl.java:77)
at java.base/jdk.internal.reflect.DelegatingMethodAccessorImpl.invoke(DelegatingMethodAccessorImpl.java:43)
at java.base/java.lang.reflect.Method.invoke(Method.java:569)
at org.testng.internal.invokers.MethodInvocationHelper.invokeMethod(MethodInvocationHelper.java:141)
at org.testng.internal.invokers.TestInvoker.invokeMethod(TestInvoker.java:687)
at org.testng.internal.invokers.TestInvoker.invokeTestMethod(TestInvoker.java:230)
at org.testng.internal.invokers.MethodRunner.runInSequence(MethodRunner.java:63)
at org.testng.internal.invokers.TestInvoker$MethodInvocationAgent.invoke(TestInvoker.java:995)
at org.testng.internal.invokers.TestInvoker.invokeTestMethods(TestInvoker.java:203)
at org.testng.internal.invokers.TestMethodWorker.invokeTestMethods(TestMethodWorker.java:154)
at org.testng.internal.invokers.TestMethodWorker.run(TestMethodWorker.java:134)
at java.base/java.util.ArrayList.forEach(ArrayList.java:1511)
at org.testng.TestRunner.privateRun(TestRunner.java:741)
at org.testng.TestRunner.run(TestRunner.java:616)
at org.testng.SuiteRunner.runTest(SuiteRunner.java:421)
at org.testng.SuiteRunner$SuiteWorker.run(SuiteRunner.java:463)
at org.testng.internal.thread.ThreadUtil.lambda$execute$0(ThreadUtil.java:64)
at java.base/java.util.concurrent.FutureTask.run(FutureTask.java:264)
at java.base/java.util.concurrent.ThreadPoolExecutor.runWorker(ThreadPoolExecutor.java:1136)
at java.base/java.util.concurrent.ThreadPoolExecutor$Worker.run(ThreadPoolExecutor.java:635)
at java.base/java.lang.Thread.run(Thread.java:840)
Caused by: org.openqa.selenium.json.JsonException: Unable to parse: Failed to forward request: Cannot invoke "String.trim()" because "memoryStr" is null
at org.openqa.selenium.json.Json.toType(Json.java:169)
at org.openqa.selenium.json.Json.toType(Json.java:152)
at org.openqa.selenium.remote.codec.w3c.W3CHttpResponseCodec.decode(W3CHttpResponseCodec.java:99)
at org.openqa.selenium.remote.codec.w3c.W3CHttpResponseCodec.decode(W3CHttpResponseCodec.java:52)
at org.openqa.selenium.remote.HttpCommandExecutor.execute(HttpCommandExecutor.java:191)
at org.openqa.selenium.remote.TracedCommandExecutor.execute(TracedCommandExecutor.java:51)
at org.openqa.selenium.remote.RemoteWebDriver.execute(RemoteWebDriver.java:602)
at org.openqa.selenium.remote.RemoteWebDriver.execute(RemoteWebDriver.java:675)
at org.openqa.selenium.remote.RemoteWebDriver.execute(RemoteWebDriver.java:679)
at org.openqa.selenium.remote.RemoteWebDriver.getScreenshotAs(RemoteWebDriver.java:325)
at Utils.ScreenShotLogic.takeScreenshot(ScreenShotLogic.java:22)
at AT_Scripts._01_Web_Automation.webAutomationPantaloonsSite(_01_Web_Automation.java:100)
... 22 more
Caused by: org.openqa.selenium.json.JsonException: Unable to determine type from: F. Last 1 characters read: F
Build info: version: '4.13.0', revision: 'ba948ece5b*'
System info: os.name: 'Windows 11', os.arch: 'amd64', os.version: '10.0', java.version: '17.0.16'
Driver info: driver.version: RemoteWebDriver
at org.openqa.selenium.json.JsonInput.peek(JsonInput.java:164)
at org.openqa.selenium.json.JsonTypeCoercer.lambda$buildCoercer$6(JsonTypeCoercer.java:170)
at org.openqa.selenium.json.JsonTypeCoercer.coerce(JsonTypeCoercer.java:149)
at org.openqa.selenium.json.Json.toType(Json.java:206)
at org.openqa.selenium.json.Json.toType(Json.java:167)
... 33 more
]]>
    </error>
  </testcase> <!-- webAutomationPantaloonsSite -->
  <testcase classname="AT_Scripts._01_Web_Automation" name="webAutomationPantaloonsSite" time="15.115"/>
  <testcase classname="AT_Scripts._01_Web_Automation" name="webAutomationPantaloonsSite" time="68.814"/>
  <testcase classname="AT_Scripts._01_Web_Automation" name="webAutomationPantaloonsSite" time="70.580"/>
  <testcase classname="AT_Scripts._01_Web_Automation" name="webAutomationPantaloonsSite" time="17.496"/>
  <testcase classname="AT_Scripts._01_Web_Automation" name="webAutomationPantaloonsSite" time="24.101"/>
  <testcase classname="AT_Scripts._01_Web_Automation" name="webAutomationPantaloonsSite" time="70.724"/>
  <testcase classname="AT_Scripts._01_Web_Automation" name="webAutomationPantaloonsSite" time="180.022">
    <error message="org.openqa.selenium.SessionNotCreatedException: Could not start a new session. Possible causes are invalid address of the remote server or browser start-up failure. 
Host info: host: &#039;FFE-PRADEEP-KUM&#039;, ip: &#039;10.10.41.1&#039;" type="java.lang.RuntimeException">
      <![CDATA[java.lang.RuntimeException: org.openqa.selenium.SessionNotCreatedException: Could not start a new session. Possible causes are invalid address of the remote server or browser start-up failure. 
Host info: host: 'FFE-PRADEEP-KUM', ip: '10.10.41.1'
at AT_Scripts._01_Web_Automation.webAutomationPantaloonsSite(_01_Web_Automation.java:128)
at java.base/jdk.internal.reflect.NativeMethodAccessorImpl.invoke0(Native Method)
at java.base/jdk.internal.reflect.NativeMethodAccessorImpl.invoke(NativeMethodAccessorImpl.java:77)
at java.base/jdk.internal.reflect.DelegatingMethodAccessorImpl.invoke(DelegatingMethodAccessorImpl.java:43)
at java.base/java.lang.reflect.Method.invoke(Method.java:569)
at org.testng.internal.invokers.MethodInvocationHelper.invokeMethod(MethodInvocationHelper.java:141)
at org.testng.internal.invokers.TestInvoker.invokeMethod(TestInvoker.java:687)
at org.testng.internal.invokers.TestInvoker.invokeTestMethod(TestInvoker.java:230)
at org.testng.internal.invokers.MethodRunner.runInSequence(MethodRunner.java:63)
at org.testng.internal.invokers.TestInvoker$MethodInvocationAgent.invoke(TestInvoker.java:995)
at org.testng.internal.invokers.TestInvoker.invokeTestMethods(TestInvoker.java:203)
at org.testng.internal.invokers.TestMethodWorker.invokeTestMethods(TestMethodWorker.java:154)
at org.testng.internal.invokers.TestMethodWorker.run(TestMethodWorker.java:134)
at java.base/java.util.ArrayList.forEach(ArrayList.java:1511)
at org.testng.TestRunner.privateRun(TestRunner.java:741)
at org.testng.TestRunner.run(TestRunner.java:616)
at org.testng.SuiteRunner.runTest(SuiteRunner.java:421)
at org.testng.SuiteRunner$SuiteWorker.run(SuiteRunner.java:463)
at org.testng.internal.thread.ThreadUtil.lambda$execute$0(ThreadUtil.java:64)
at java.base/java.util.concurrent.FutureTask.run(FutureTask.java:264)
at java.base/java.util.concurrent.ThreadPoolExecutor.runWorker(ThreadPoolExecutor.java:1136)
at java.base/java.util.concurrent.ThreadPoolExecutor$Worker.run(ThreadPoolExecutor.java:635)
at java.base/java.lang.Thread.run(Thread.java:840)
Caused by: org.openqa.selenium.SessionNotCreatedException: Could not start a new session. Possible causes are invalid address of the remote server or browser start-up failure. 
Host info: host: 'FFE-PRADEEP-KUM', ip: '10.10.41.1'
at org.openqa.selenium.remote.RemoteWebDriver.execute(RemoteWebDriver.java:620)
at org.openqa.selenium.remote.RemoteWebDriver.startSession(RemoteWebDriver.java:236)
at org.openqa.selenium.remote.RemoteWebDriver.<init>(RemoteWebDriver.java:163)
at org.openqa.selenium.remote.RemoteWebDriver.<init>(RemoteWebDriver.java:143)
at AT_Scripts._01_Web_Automation.webAutomationPantaloonsSite(_01_Web_Automation.java:71)
... 22 more
Caused by: org.openqa.selenium.TimeoutException: java.util.concurrent.TimeoutException
Build info: version: '4.13.0', revision: 'ba948ece5b*'
System info: os.name: 'Windows 11', os.arch: 'amd64', os.version: '10.0', java.version: '17.0.16'
Driver info: driver.version: RemoteWebDriver
at org.openqa.selenium.remote.http.netty.NettyHttpHandler.makeCall(NettyHttpHandler.java:65)
at org.openqa.selenium.remote.http.AddSeleniumUserAgent.lambda$apply$0(AddSeleniumUserAgent.java:42)
at org.openqa.selenium.remote.http.Filter.lambda$andFinally$1(Filter.java:55)
at org.openqa.selenium.remote.http.netty.NettyHttpHandler.execute(NettyHttpHandler.java:48)
at org.openqa.selenium.remote.http.netty.NettyClient.execute(NettyClient.java:96)
at org.openqa.selenium.remote.tracing.TracedHttpClient.execute(TracedHttpClient.java:54)
at org.openqa.selenium.remote.ProtocolHandshake.createSession(ProtocolHandshake.java:115)
at org.openqa.selenium.remote.ProtocolHandshake.createSession(ProtocolHandshake.java:96)
at org.openqa.selenium.remote.ProtocolHandshake.createSession(ProtocolHandshake.java:68)
at org.openqa.selenium.remote.HttpCommandExecutor.execute(HttpCommandExecutor.java:163)
at org.openqa.selenium.remote.TracedCommandExecutor.execute(TracedCommandExecutor.java:51)
at org.openqa.selenium.remote.RemoteWebDriver.execute(RemoteWebDriver.java:602)
... 26 more
Caused by: java.util.concurrent.TimeoutException
at java.base/java.util.concurrent.CompletableFuture.timedGet(CompletableFuture.java:1960)
at java.base/java.util.concurrent.CompletableFuture.get(CompletableFuture.java:2095)
at org.asynchttpclient.netty.NettyResponseFuture.get(NettyResponseFuture.java:206)
at org.openqa.selenium.remote.http.netty.NettyHttpHandler.makeCall(NettyHttpHandler.java:59)
... 37 more
]]>
    </error>
  </testcase> <!-- webAutomationPantaloonsSite -->
  <testcase classname="AT_Scripts._01_Web_Automation" name="webAutomationPantaloonsSite" time="45.082"/>
</testsuite> <!-- AT_Scripts._01_Web_Automation -->
